L 10/30/2021 - 12:46:34: Log file started (file "logs\L192_168_001_151_27015_202110301246_001.log") (game "C:\Program Files (x86)\Steam\steamapps\common\Counter-Strike Global Offensive\csgo") (version "8378")
L 10/30/2021 - 12:46:34: Loading map "workshop/2638333783/gameonkfc_limited_edition_aim_botz"
L 10/30/2021 - 12:46:34: server cvars start
L 10/30/2021 - 12:46:34: "cash_player_killed_teammate" = "-300"
L 10/30/2021 - 12:46:34: "sv_maxspeed" = "320"
L 10/30/2021 - 12:46:34: "cash_player_respawn_amount" = "0"
L 10/30/2021 - 12:46:34: "cash_team_winner_bonus_consecutive_rounds" = "0"
L 10/30/2021 - 12:46:34: "cash_team_rescued_hostage" = "0"
L 10/30/2021 - 12:46:34: "cash_team_win_by_defusing_bomb" = "3250"
L 10/30/2021 - 12:46:34: "sv_rollangle" = "0"
L 10/30/2021 - 12:46:34: "r_AirboatViewZHeight" = "0.0"
L 10/30/2021 - 12:46:34: "sv_cheats" = "1"
L 10/30/2021 - 12:46:34: "r_VehicleViewDampen" = "1"
L 10/30/2021 - 12:46:34: "mp_allowNPCs" = "1"
L 10/30/2021 - 12:46:34: "mp_tournament" = "0"
L 10/30/2021 - 12:46:34: "sv_vote_issue_pause_match_spec_only" = "0"
L 10/30/2021 - 12:46:34: "sv_spec_hear" = "1"
L 10/30/2021 - 12:46:34: "cash_player_interact_with_hostage" = "150"
L 10/30/2021 - 12:46:34: "mp_flashlight" = "0"
L 10/30/2021 - 12:46:34: "mp_maxrounds" = "30"
L 10/30/2021 - 12:46:34: "sv_tags" = ""
L 10/30/2021 - 12:46:34: "sv_stepsize" = "18"
L 10/30/2021 - 12:46:34: "mp_teamlist" = "hgrunt;scientist"
L 10/30/2021 - 12:46:34: "sv_alltalk" = "0"
L 10/30/2021 - 12:46:34: "mp_footsteps" = "1"
L 10/30/2021 - 12:46:34: "sv_noclipaccelerate" = "5"
L 10/30/2021 - 12:46:34: "sv_accelerate_debug_speed" = "0"
L 10/30/2021 - 12:46:34: "sv_wateraccelerate" = "10"
L 10/30/2021 - 12:46:34: "mp_autocrosshair" = "1"
L 10/30/2021 - 12:46:34: "mp_stalemate_enable" = "0"
L 10/30/2021 - 12:46:34: "cash_team_elimination_bomb_map" = "3250"
L 10/30/2021 - 12:46:34: "cash_player_get_killed" = "0"
L 10/30/2021 - 12:46:34: "mp_roundtime_defuse" = "60"
L 10/30/2021 - 12:46:34: "sv_autobuyammo" = "0"
L 10/30/2021 - 12:46:34: "sv_rollspeed" = "200"
L 10/30/2021 - 12:46:34: "sv_airaccelerate" = "12"
L 10/30/2021 - 12:46:34: "mp_teams_unbalance_limit" = "1"
L 10/30/2021 - 12:46:34: "sv_show_team_equipment_prohibit" = "0"
L 10/30/2021 - 12:46:34: "mp_timelimit" = "5"
L 10/30/2021 - 12:46:34: "cash_team_loser_bonus" = "1400"
L 10/30/2021 - 12:46:34: "sv_deadtalk" = "0"
L 10/30/2021 - 12:46:34: "cash_player_rescued_hostage" = "1000"
L 10/30/2021 - 12:46:34: "sv_waterfriction" = "1"
L 10/30/2021 - 12:46:34: "sv_competitive_official_5v5" = "0"
L 10/30/2021 - 12:46:34: "sv_steamgroup" = ""
L 10/30/2021 - 12:46:34: "cash_player_killed_enemy_default" = "300"
L 10/30/2021 - 12:46:34: "coop" = "0"
L 10/30/2021 - 12:46:34: "mp_respawnwavetime" = "10.0"
L 10/30/2021 - 12:46:34: "sv_teamid_overhead" = "1"
L 10/30/2021 - 12:46:34: "tv_enable1" = "0"
L 10/30/2021 - 12:46:34: "nextlevel" = "workshop/2638333783/gameonkfc_limited_edition_aim_botz"
L 10/30/2021 - 12:46:34: "sv_stopspeed" = "80"
L 10/30/2021 - 12:46:34: "sv_specaccelerate" = "5"
L 10/30/2021 - 12:46:34: "deathmatch" = "1"
L 10/30/2021 - 12:46:34: "tv_enable" = "0"
L 10/30/2021 - 12:46:34: "mp_falldamage" = "0"
L 10/30/2021 - 12:46:34: "mp_roundtime_hostage" = "60"
L 10/30/2021 - 12:46:34: "mp_freezetime" = "0"
L 10/30/2021 - 12:46:34: "mp_teammates_are_enemies" = "0"
L 10/30/2021 - 12:46:34: "sv_accelerate_use_weapon_speed" = "1"
L 10/30/2021 - 12:46:34: "sv_voiceenable" = "1"
L 10/30/2021 - 12:46:34: "sv_teamid_overhead_always_prohibit" = "0"
L 10/30/2021 - 12:46:34: "sv_bounce" = "0"
L 10/30/2021 - 12:46:34: "r_AirboatViewDampenFreq" = "7.0"
L 10/30/2021 - 12:46:34: "mp_disable_respawn_times" = "0"
L 10/30/2021 - 12:46:34: "mp_weaponstay" = "0"
L 10/30/2021 - 12:46:34: "mp_hostagepenalty" = "10"
L 10/30/2021 - 12:46:34: "tv_advertise_watchable" = "0"
L 10/30/2021 - 12:46:34: "mp_friendlyfire" = "0"
L 10/30/2021 - 12:46:34: "sv_noclipspeed" = "5"
L 10/30/2021 - 12:46:34: "cash_team_hostage_interaction" = "500"
L 10/30/2021 - 12:46:34: "sv_allchat" = "1"
L 10/30/2021 - 12:46:34: "cash_team_win_by_time_running_out_bomb" = "3250"
L 10/30/2021 - 12:46:34: "mp_buy_during_immunity" = "0"
L 10/30/2021 - 12:46:34: "cash_player_killed_enemy_factor" = "1"
L 10/30/2021 - 12:46:34: "r_JeepViewDampenDamp" = "1.0"
L 10/30/2021 - 12:46:34: "mp_c4timer" = "40"
L 10/30/2021 - 12:46:34: "r_AirboatViewDampenDamp" = "1.0"
L 10/30/2021 - 12:46:34: "sv_competitive_minspec" = "1"
L 10/30/2021 - 12:46:34: "sv_max_allowed_net_graph" = "1"
L 10/30/2021 - 12:46:34: "mp_stalemate_at_timelimit" = "0"
L 10/30/2021 - 12:46:34: "mp_limitteams" = "0"
L 10/30/2021 - 12:46:34: "sv_footsteps" = "1"
L 10/30/2021 - 12:46:34: "sv_vote_issue_kick_allowed" = "1"
L 10/30/2021 - 12:46:34: "cash_team_survive_guardian_wave" = "0"
L 10/30/2021 - 12:46:34: "tv_relaypassword" = ""
L 10/30/2021 - 12:46:34: "mp_teamplay" = "0"
L 10/30/2021 - 12:46:34: "cash_team_terrorist_win_bomb" = "3500"
L 10/30/2021 - 12:46:34: "cash_team_elimination_hostage_map_t" = "1000"
L 10/30/2021 - 12:46:34: "r_JeepViewDampenFreq" = "7.0"
L 10/30/2021 - 12:46:34: "sv_specnoclip" = "1"
L 10/30/2021 - 12:46:34: "sv_friction" = "5.2"
L 10/30/2021 - 12:46:34: "cash_team_win_by_time_running_out_hostage" = "3250"
L 10/30/2021 - 12:46:34: "cash_player_bomb_planted" = "300"
L 10/30/2021 - 12:46:34: "mp_autoteambalance" = "0"
L 10/30/2021 - 12:46:34: "sv_contact" = ""
L 10/30/2021 - 12:46:34: "sv_vote_kick_ban_duration" = "15"
L 10/30/2021 - 12:46:34: "cash_player_bomb_defused" = "300"
L 10/30/2021 - 12:46:34: "mp_roundtime" = "60"
L 10/30/2021 - 12:46:34: "sv_kick_ban_duration" = "15"
L 10/30/2021 - 12:46:34: "cash_team_planted_bomb_but_defused" = "800"
L 10/30/2021 - 12:46:34: "cash_player_killed_hostage" = "-1000"
L 10/30/2021 - 12:46:34: "sv_vote_issue_loadbackup_allowed" = "1"
L 10/30/2021 - 12:46:34: "nextmode" = ""
L 10/30/2021 - 12:46:34: "mp_fraglimit" = "0"
L 10/30/2021 - 12:46:34: "cash_team_bonus_shorthanded" = "0"
L 10/30/2021 - 12:46:34: "mp_forcerespawn" = "1"
L 10/30/2021 - 12:46:34: "mp_buy_anywhere" = "0"
L 10/30/2021 - 12:46:34: "sv_accelerate" = "5.5"
L 10/30/2021 - 12:46:34: "mp_winlimit" = "0"
L 10/30/2021 - 12:46:34: "sv_gravity" = "800"
L 10/30/2021 - 12:46:34: "sv_password" = ""
L 10/30/2021 - 12:46:34: "cash_team_elimination_hostage_map_ct" = "2000"
L 10/30/2021 - 12:46:34: "cash_team_win_by_hostage_rescue" = "3500"
L 10/30/2021 - 12:46:34: "sv_vote_issue_loadbackup_spec_only" = "0"
L 10/30/2021 - 12:46:34: "r_JeepViewZHeight" = "10.0"
L 10/30/2021 - 12:46:34: "cash_team_loser_bonus_consecutive_rounds" = "500"
L 10/30/2021 - 12:46:34: "cash_player_damage_hostage" = "-30"
L 10/30/2021 - 12:46:34: "cash_team_hostage_alive" = "0"
L 10/30/2021 - 12:46:34: "tv_password" = ""
L 10/30/2021 - 12:46:34: "sv_specspeed" = "3"
L 10/30/2021 - 12:46:34: server cvars end
L 10/30/2021 - 12:46:39: Started map "workshop/2638333783/gameonkfc_limited_edition_aim_botz" (CRC "1583761078")
L 10/30/2021 - 12:46:39: server_cvar: "cash_team_survive_guardian_wave" "1000"
L 10/30/2021 - 12:46:39: server_cvar: "mp_autoteambalance" "1"
L 10/30/2021 - 12:46:39: server_cvar: "mp_freezetime" "6"
L 10/30/2021 - 12:46:39: server_cvar: "mp_limitteams" "2"
L 10/30/2021 - 12:46:39: server_cvar: "mp_maxrounds" "0"
L 10/30/2021 - 12:46:39: server_cvar: "mp_roundtime" "5"
L 10/30/2021 - 12:46:39: server_cvar: "mp_roundtime_defuse" "0"
L 10/30/2021 - 12:46:39: server_cvar: "mp_roundtime_hostage" "0"
L 10/30/2021 - 12:46:39: server_cvar: "nextlevel" ""
L 10/30/2021 - 12:46:40: server_cvar: "mp_freezetime" "0"
L 10/30/2021 - 12:46:40: server_cvar: "mp_limitteams" "0"
L 10/30/2021 - 12:46:40: server_cvar: "mp_autoteambalance" "0"
L 10/30/2021 - 12:46:40: server_cvar: "mp_maxrounds" "30"
L 10/30/2021 - 12:46:40: World triggered "Round_Start"
L 10/30/2021 - 12:46:40: server_cvar: "cash_team_survive_guardian_wave" "0"
L 10/30/2021 - 12:46:40: server_cvar: "mp_roundtime" "60"
L 10/30/2021 - 12:46:40: server_cvar: "mp_roundtime_hostage" "60"
L 10/30/2021 - 12:46:40: server_cvar: "mp_roundtime_defuse" "60"
L 10/30/2021 - 12:46:40: "i.am.noob123<82><STEAM_1:1:194419837><>" connected, address ""
L 10/30/2021 - 12:46:41: "i.am.noob123<82><STEAM_1:1:194419837><>" STEAM USERID validated
L 10/30/2021 - 12:46:43: "i.am.noob123<82><STEAM_1:1:194419837><>" entered the game
L 10/30/2021 - 12:46:43: "i.am.noob123<82><STEAM_1:1:194419837>" switched from team <Unassigned> to <TERRORIST>
L 10/30/2021 - 12:46:43: "Drink water<83><BOT><>" connected, address ""
L 10/30/2021 - 12:46:43: "Drink water<83><BOT>" switched from team <Unassigned> to <CT>
L 10/30/2021 - 12:46:43: World triggered "Game_Commencing"
L 10/30/2021 - 12:46:43: "Drink water<83><BOT><>" entered the game
L 10/30/2021 - 12:46:43: "Aim Botz                <84><BOT><>" connected, address ""
L 10/30/2021 - 12:46:43: "Aim Botz                <84><BOT>" switched from team <Unassigned> to <CT>
L 10/30/2021 - 12:46:43: "Aim Botz                <84><BOT><>" entered the game
L 10/30/2021 - 12:46:43: "Aim Botz          <85><BOT><>" connected, address ""
L 10/30/2021 - 12:46:43: "Aim Botz          <85><BOT>" switched from team <Unassigned> to <CT>
L 10/30/2021 - 12:46:43: "Aim Botz          <85><BOT><>" entered the game
L 10/30/2021 - 12:46:43: "uLLeticaL<86><BOT><>" connected, address ""
L 10/30/2021 - 12:46:43: "uLLeticaL<86><BOT>" switched from team <Unassigned> to <CT>
L 10/30/2021 - 12:46:43: "uLLeticaL<86><BOT><>" entered the game
L 10/30/2021 - 12:46:43: "Winners train, Losers complain.<87><BOT><>" connected, address ""
L 10/30/2021 - 12:46:43: "Winners train, Losers complain.<87><BOT>" switched from team <Unassigned> to <CT>
L 10/30/2021 - 12:46:43: "Winners train, Losers complain.<87><BOT><>" entered the game
L 10/30/2021 - 12:46:43: "Aim Botz   <88><BOT><>" connected, address ""
L 10/30/2021 - 12:46:43: "Aim Botz   <88><BOT>" switched from team <Unassigned> to <CT>
L 10/30/2021 - 12:46:43: "Aim Botz   <88><BOT><>" entered the game
L 10/30/2021 - 12:46:43: "Aim Botz      <89><BOT><>" connected, address ""
L 10/30/2021 - 12:46:43: "Aim Botz      <89><BOT>" switched from team <Unassigned> to <CT>
L 10/30/2021 - 12:46:43: "Aim Botz      <89><BOT><>" entered the game
L 10/30/2021 - 12:46:43: "uLLeticaL  <90><BOT><>" connected, address ""
L 10/30/2021 - 12:46:43: "uLLeticaL  <90><BOT>" switched from team <Unassigned> to <CT>
L 10/30/2021 - 12:46:43: "uLLeticaL  <90><BOT><>" entered the game
L 10/30/2021 - 12:46:43: "Aim Botz  <91><BOT><>" connected, address ""
L 10/30/2021 - 12:46:43: "Aim Botz  <91><BOT>" switched from team <Unassigned> to <CT>
L 10/30/2021 - 12:46:43: "Aim Botz  <91><BOT><>" entered the game
L 10/30/2021 - 12:46:43: "H2O<92><BOT><>" connected, address ""
L 10/30/2021 - 12:46:43: "H2O<92><BOT>" switched from team <Unassigned> to <CT>
L 10/30/2021 - 12:46:43: "H2O<92><BOT><>" entered the game
L 10/30/2021 - 12:46:43: "KEEP IT UP!<93><BOT><>" connected, address ""
L 10/30/2021 - 12:46:43: "KEEP IT UP!<93><BOT>" switched from team <Unassigned> to <CT>
L 10/30/2021 - 12:46:43: "KEEP IT UP!<93><BOT><>" entered the game
L 10/30/2021 - 12:46:43: "uLLeticaL <94><BOT><>" connected, address ""
L 10/30/2021 - 12:46:43: "uLLeticaL <94><BOT>" switched from team <Unassigned> to <CT>
L 10/30/2021 - 12:46:43: "uLLeticaL <94><BOT><>" entered the game
L 10/30/2021 - 12:46:44: "Aim Botz <95><BOT><>" connected, address ""
L 10/30/2021 - 12:46:44: "Aim Botz <95><BOT>" switched from team <Unassigned> to <CT>
L 10/30/2021 - 12:46:44: "Aim Botz <95><BOT><>" entered the game
L 10/30/2021 - 12:46:44: "Aim Botz             <96><BOT><>" connected, address ""
L 10/30/2021 - 12:46:44: "Aim Botz             <96><BOT>" switched from team <Unassigned> to <CT>
L 10/30/2021 - 12:46:44: "Aim Botz             <96><BOT><>" entered the game
L 10/30/2021 - 12:46:44: "Aim Botz    <97><BOT><>" connected, address ""
L 10/30/2021 - 12:46:44: "Aim Botz    <97><BOT>" switched from team <Unassigned> to <CT>
L 10/30/2021 - 12:46:44: "Aim Botz    <97><BOT><>" entered the game
L 10/30/2021 - 12:46:44: "Recoil Master   <98><BOT><>" connected, address ""
L 10/30/2021 - 12:46:44: "Recoil Master   <98><BOT>" switched from team <Unassigned> to <CT>
L 10/30/2021 - 12:46:44: "Recoil Master   <98><BOT><>" entered the game
L 10/30/2021 - 12:46:44: "is not impressed!<99><BOT><>" connected, address ""
L 10/30/2021 - 12:46:44: "is not impressed!<99><BOT>" switched from team <Unassigned> to <CT>
L 10/30/2021 - 12:46:44: "is not impressed!<99><BOT><>" entered the game
L 10/30/2021 - 12:46:44: "Recoil Master<100><BOT><>" connected, address ""
L 10/30/2021 - 12:46:44: "Recoil Master<100><BOT>" switched from team <Unassigned> to <CT>
L 10/30/2021 - 12:46:44: "Recoil Master<100><BOT><>" entered the game
L 10/30/2021 - 12:46:44: "is impressed!<101><BOT><>" connected, address ""
L 10/30/2021 - 12:46:44: "is impressed!<101><BOT>" switched from team <Unassigned> to <CT>
L 10/30/2021 - 12:46:44: "is impressed!<101><BOT><>" entered the game
L 10/30/2021 - 12:46:44: "Stay hydrated<102><BOT><>" connected, address ""
L 10/30/2021 - 12:46:44: "Stay hydrated<102><BOT>" switched from team <Unassigned> to <CT>
L 10/30/2021 - 12:46:44: "Stay hydrated<102><BOT><>" entered the game
L 10/30/2021 - 12:46:44: "Aim Botz<103><BOT><>" connected, address ""
L 10/30/2021 - 12:46:44: "Aim Botz<103><BOT>" switched from team <Unassigned> to <CT>
L 10/30/2021 - 12:46:44: "Aim Botz<103><BOT><>" entered the game
L 10/30/2021 - 12:46:44: "Aim Botz               <104><BOT><>" connected, address ""
L 10/30/2021 - 12:46:44: "Aim Botz               <104><BOT>" switched from team <Unassigned> to <CT>
L 10/30/2021 - 12:46:44: "Aim Botz               <104><BOT><>" entered the game
L 10/30/2021 - 12:46:44: "Recoil Master  <105><BOT><>" connected, address ""
L 10/30/2021 - 12:46:44: "Recoil Master  <105><BOT>" switched from team <Unassigned> to <CT>
L 10/30/2021 - 12:46:44: "Recoil Master  <105><BOT><>" entered the game
L 10/30/2021 - 12:46:44: "Aim Botz            <106><BOT><>" connected, address ""
L 10/30/2021 - 12:46:44: "Aim Botz            <106><BOT>" switched from team <Unassigned> to <CT>
L 10/30/2021 - 12:46:44: "Aim Botz            <106><BOT><>" entered the game
L 10/30/2021 - 12:46:44: "Aim Botz         <107><BOT><>" connected, address ""
L 10/30/2021 - 12:46:44: "Aim Botz         <107><BOT>" switched from team <Unassigned> to <CT>
L 10/30/2021 - 12:46:44: "Aim Botz         <107><BOT><>" entered the game
L 10/30/2021 - 12:46:44: "Drink water<83><BOT><CT>" disconnected (reason "Kicked by Console")
L 10/30/2021 - 12:46:44: "Drink water<83><BOT>" switched from team <CT> to <Unassigned>
L 10/30/2021 - 12:46:44: "Aim Botz                <84><BOT><CT>" disconnected (reason "Kicked by Console")
L 10/30/2021 - 12:46:44: "Aim Botz                <84><BOT>" switched from team <CT> to <Unassigned>
L 10/30/2021 - 12:46:44: Starting Freeze period
L 10/30/2021 - 12:46:44: World triggered "Match_Start" on "workshop/2638333783/gameonkfc_limited_edition_aim_botz"
L 10/30/2021 - 12:46:44: MatchStatus: Team "CT" is unset.
L 10/30/2021 - 12:46:44: MatchStatus: Team "TERRORIST" is unset.
L 10/30/2021 - 12:46:44: MatchStatus: Score: 0:0 on map "workshop/2638333783/gameonkfc_limited_edition_aim_botz" RoundsPlayed: 0
L 10/30/2021 - 12:46:44: "Aim Botz          <85><BOT><CT>" disconnected (reason "Kicked by Console")
L 10/30/2021 - 12:46:44: "Aim Botz          <85><BOT>" switched from team <CT> to <Unassigned>
L 10/30/2021 - 12:46:44: World triggered "Round_Start"
L 10/30/2021 - 12:46:44: "uLLeticaL<86><BOT><CT>" disconnected (reason "Kicked by Console")
L 10/30/2021 - 12:46:44: "uLLeticaL<86><BOT>" switched from team <CT> to <Unassigned>
L 10/30/2021 - 12:46:44: "Winners train, Losers complain.<87><BOT><CT>" disconnected (reason "Kicked by Console")
L 10/30/2021 - 12:46:44: "Winners train, Losers complain.<87><BOT>" switched from team <CT> to <Unassigned>
L 10/30/2021 - 12:46:44: "Aim Botz   <88><BOT><CT>" disconnected (reason "Kicked by Console")
L 10/30/2021 - 12:46:44: "Aim Botz   <88><BOT>" switched from team <CT> to <Unassigned>
L 10/30/2021 - 12:46:44: "Aim Botz      <89><BOT><CT>" disconnected (reason "Kicked by Console")
L 10/30/2021 - 12:46:44: "Aim Botz      <89><BOT>" switched from team <CT> to <Unassigned>
L 10/30/2021 - 12:46:44: "uLLeticaL  <90><BOT><CT>" disconnected (reason "Kicked by Console")
L 10/30/2021 - 12:46:44: "uLLeticaL  <90><BOT>" switched from team <CT> to <Unassigned>
L 10/30/2021 - 12:46:44: "Aim Botz  <91><BOT><CT>" disconnected (reason "Kicked by Console")
L 10/30/2021 - 12:46:44: "Aim Botz  <91><BOT>" switched from team <CT> to <Unassigned>
L 10/30/2021 - 12:46:44: "H2O<92><BOT><CT>" disconnected (reason "Kicked by Console")
L 10/30/2021 - 12:46:44: "H2O<92><BOT>" switched from team <CT> to <Unassigned>
L 10/30/2021 - 12:46:44: "KEEP IT UP!<93><BOT><CT>" disconnected (reason "Kicked by Console")
L 10/30/2021 - 12:46:44: "KEEP IT UP!<93><BOT>" switched from team <CT> to <Unassigned>
L 10/30/2021 - 12:46:44: "uLLeticaL <94><BOT><CT>" disconnected (reason "Kicked by Console")
L 10/30/2021 - 12:46:44: "uLLeticaL <94><BOT>" switched from team <CT> to <Unassigned>
L 10/30/2021 - 12:46:44: "Aim Botz <95><BOT><CT>" disconnected (reason "Kicked by Console")
L 10/30/2021 - 12:46:44: "Aim Botz <95><BOT>" switched from team <CT> to <Unassigned>
L 10/30/2021 - 12:46:44: "Aim Botz             <96><BOT><CT>" disconnected (reason "Kicked by Console")
L 10/30/2021 - 12:46:44: "Aim Botz             <96><BOT>" switched from team <CT> to <Unassigned>
L 10/30/2021 - 12:46:44: "Aim Botz    <97><BOT><CT>" disconnected (reason "Kicked by Console")
L 10/30/2021 - 12:46:44: "Aim Botz    <97><BOT>" switched from team <CT> to <Unassigned>
L 10/30/2021 - 12:46:44: "Recoil Master   <98><BOT><CT>" disconnected (reason "Kicked by Console")
L 10/30/2021 - 12:46:44: "Recoil Master   <98><BOT>" switched from team <CT> to <Unassigned>
L 10/30/2021 - 12:46:44: "is not impressed!<99><BOT><CT>" disconnected (reason "Kicked by Console")
L 10/30/2021 - 12:46:44: "is not impressed!<99><BOT>" switched from team <CT> to <Unassigned>
L 10/30/2021 - 12:46:44: "Recoil Master<100><BOT><CT>" disconnected (reason "Kicked by Console")
L 10/30/2021 - 12:46:44: "Recoil Master<100><BOT>" switched from team <CT> to <Unassigned>
L 10/30/2021 - 12:46:44: "is impressed!<101><BOT><CT>" disconnected (reason "Kicked by Console")
L 10/30/2021 - 12:46:44: "is impressed!<101><BOT>" switched from team <CT> to <Unassigned>
L 10/30/2021 - 12:46:44: "Stay hydrated<102><BOT><CT>" disconnected (reason "Kicked by Console")
L 10/30/2021 - 12:46:44: "Stay hydrated<102><BOT>" switched from team <CT> to <Unassigned>
L 10/30/2021 - 12:46:44: "Aim Botz<103><BOT><CT>" disconnected (reason "Kicked by Console")
L 10/30/2021 - 12:46:44: "Aim Botz<103><BOT>" switched from team <CT> to <Unassigned>
L 10/30/2021 - 12:46:44: "Aim Botz               <104><BOT><CT>" disconnected (reason "Kicked by Console")
L 10/30/2021 - 12:46:44: "Aim Botz               <104><BOT>" switched from team <CT> to <Unassigned>
L 10/30/2021 - 12:46:44: "Recoil Master  <105><BOT><CT>" disconnected (reason "Kicked by Console")
L 10/30/2021 - 12:46:44: "Recoil Master  <105><BOT>" switched from team <CT> to <Unassigned>
L 10/30/2021 - 12:46:44: "Aim Botz            <106><BOT><CT>" disconnected (reason "Kicked by Console")
L 10/30/2021 - 12:46:44: "Aim Botz            <106><BOT>" switched from team <CT> to <Unassigned>
L 10/30/2021 - 12:46:44: "Aim Botz         <107><BOT><CT>" disconnected (reason "Kicked by Console")
L 10/30/2021 - 12:46:44: "Aim Botz         <107><BOT>" switched from team <CT> to <Unassigned>
L 10/30/2021 - 12:46:44: Starting Freeze period
L 10/30/2021 - 12:46:44: World triggered "Match_Start" on "workshop/2638333783/gameonkfc_limited_edition_aim_botz"
L 10/30/2021 - 12:46:44: MatchStatus: Team "CT" is unset.
L 10/30/2021 - 12:46:44: MatchStatus: Team "TERRORIST" is unset.
L 10/30/2021 - 12:46:44: MatchStatus: Score: 0:0 on map "workshop/2638333783/gameonkfc_limited_edition_aim_botz" RoundsPlayed: 0
L 10/30/2021 - 12:46:44: World triggered "Round_Start"
L 10/30/2021 - 12:46:45: "Aim Botz                <108><BOT><>" connected, address ""
L 10/30/2021 - 12:46:45: "Aim Botz                <108><BOT>" switched from team <Unassigned> to <CT>
L 10/30/2021 - 12:46:45: "Aim Botz                <108><BOT><>" entered the game
L 10/30/2021 - 12:46:45: "KEEP IT UP!<109><BOT><>" connected, address ""
L 10/30/2021 - 12:46:45: "KEEP IT UP!<109><BOT>" switched from team <Unassigned> to <CT>
L 10/30/2021 - 12:46:45: "KEEP IT UP!<109><BOT><>" entered the game
L 10/30/2021 - 12:46:45: "H2O<110><BOT><>" connected, address ""
L 10/30/2021 - 12:46:45: "H2O<110><BOT>" switched from team <Unassigned> to <CT>
L 10/30/2021 - 12:46:45: "H2O<110><BOT><>" entered the game
L 10/30/2021 - 12:46:45: "Recoil Master   <111><BOT><>" connected, address ""
L 10/30/2021 - 12:46:45: "Recoil Master   <111><BOT>" switched from team <Unassigned> to <CT>
L 10/30/2021 - 12:46:45: "Recoil Master   <111><BOT><>" entered the game
L 10/30/2021 - 12:46:45: "Aim Botz             <112><BOT><>" connected, address ""
L 10/30/2021 - 12:46:45: "Aim Botz             <112><BOT>" switched from team <Unassigned> to <CT>
L 10/30/2021 - 12:46:45: "Aim Botz             <112><BOT><>" entered the game
L 10/30/2021 - 12:46:45: "Recoil Master<113><BOT><>" connected, address ""
L 10/30/2021 - 12:46:45: "Recoil Master<113><BOT>" switched from team <Unassigned> to <CT>
L 10/30/2021 - 12:46:45: "Recoil Master<113><BOT><>" entered the game
L 10/30/2021 - 12:46:45: "Aim Botz          <114><BOT><>" connected, address ""
L 10/30/2021 - 12:46:45: "Aim Botz          <114><BOT>" switched from team <Unassigned> to <CT>
L 10/30/2021 - 12:46:45: "Aim Botz          <114><BOT><>" entered the game
L 10/30/2021 - 12:46:45: "Recoil Master <115><BOT><>" connected, address ""
L 10/30/2021 - 12:46:45: "Recoil Master <115><BOT>" switched from team <Unassigned> to <CT>
L 10/30/2021 - 12:46:45: "Recoil Master <115><BOT><>" entered the game
L 10/30/2021 - 12:46:45: "Aim Botz              <116><BOT><>" connected, address ""
L 10/30/2021 - 12:46:45: "Aim Botz              <116><BOT>" switched from team <Unassigned> to <CT>
L 10/30/2021 - 12:46:45: "Aim Botz              <116><BOT><>" entered the game
L 10/30/2021 - 12:46:45: "Recoil Master  <117><BOT><>" connected, address ""
L 10/30/2021 - 12:46:45: "Recoil Master  <117><BOT>" switched from team <Unassigned> to <CT>
L 10/30/2021 - 12:46:45: "Recoil Master  <117><BOT><>" entered the game
L 10/30/2021 - 12:46:45: "Aim Botz     <118><BOT><>" connected, address ""
L 10/30/2021 - 12:46:45: "Aim Botz     <118><BOT>" switched from team <Unassigned> to <CT>
L 10/30/2021 - 12:46:45: "Aim Botz     <118><BOT><>" entered the game
L 10/30/2021 - 12:46:45: "Aim Botz <119><BOT><>" connected, address ""
L 10/30/2021 - 12:46:45: "Aim Botz <119><BOT>" switched from team <Unassigned> to <CT>
L 10/30/2021 - 12:46:45: "Aim Botz <119><BOT><>" entered the game
L 10/30/2021 - 12:46:45: "You can't hit me!<120><BOT><>" connected, address ""
L 10/30/2021 - 12:46:45: "You can't hit me!<120><BOT>" switched from team <Unassigned> to <CT>
L 10/30/2021 - 12:46:45: "You can't hit me!<120><BOT><>" entered the game
L 10/30/2021 - 12:46:45: "Aim Botz                <108><BOT><CT>" disconnected (reason "Kicked by Console")
L 10/30/2021 - 12:46:45: "Aim Botz                <108><BOT>" switched from team <CT> to <Unassigned>
L 10/30/2021 - 12:47:21: "i.am.noob123<82><STEAM_1:1:194419837><TERRORIST>" [46 57 0] killed "H2O<110><BOT><CT>" [1152 256 64] with "g3sg1" (headshot)
L 10/30/2021 - 12:47:24: "i.am.noob123<82><STEAM_1:1:194419837><TERRORIST>" [33 -32 0] killed "You can't hit me!<120><BOT><CT>" [448 -128 64] with "g3sg1" (headshot)
L 10/30/2021 - 12:47:29: "i.am.noob123<82><STEAM_1:1:194419837><TERRORIST>" [70 -30 0] killed "Recoil Master<113><BOT><CT>" [256 -1152 64] with "g3sg1" (headshot)
L 10/30/2021 - 12:47:39: "i.am.noob123<82><STEAM_1:1:194419837><TERRORIST>" [68 -86 0] killed "Recoil Master  <117><BOT><CT>" [-1152 0 64] with "g3sg1" (headshot)
L 10/30/2021 - 12:47:41: "i.am.noob123<82><STEAM_1:1:194419837><TERRORIST>" [85 -36 0] killed "H2O<110><BOT><CT>" [-1152 512 64] with "g3sg1" (headshot)
L 10/30/2021 - 12:47:43: "i.am.noob123<82><STEAM_1:1:194419837><TERRORIST>" [108 -6 0] killed "Recoil Master  <117><BOT><CT>" [-384 576 64] with "g3sg1" (headshot)
L 10/30/2021 - 12:47:50: "i.am.noob123<82><STEAM_1:1:194419837><TERRORIST>" [106 -72 0] killed "Recoil Master <115><BOT><CT>" [-768 0 64] with "g3sg1" (headshot)
L 10/30/2021 - 12:47:52: "i.am.noob123<82><STEAM_1:1:194419837><TERRORIST>" [106 -72 0] killed "Aim Botz              <116><BOT><CT>" [-448 -128 64] with "g3sg1" (headshot)
L 10/30/2021 - 12:47:58: "i.am.noob123<82><STEAM_1:1:194419837><TERRORIST>" [106 -72 0] killed "H2O<110><BOT><CT>" [-832 1152 64] with "g3sg1" (headshot)
L 10/30/2021 - 12:48:08: "i.am.noob123<82><STEAM_1:1:194419837><TERRORIST>" [106 -72 0] killed "Recoil Master   <111><BOT><CT>" [512 1152 64] with "g3sg1" (headshot)
L 10/30/2021 - 12:48:09: "i.am.noob123<82><STEAM_1:1:194419837><TERRORIST>" [106 -72 0] killed "Recoil Master<113><BOT><CT>" [832 1152 64] with "g3sg1" (headshot)
L 10/30/2021 - 12:48:12: "i.am.noob123<82><STEAM_1:1:194419837><TERRORIST>" [106 -72 0] killed "Aim Botz <119><BOT><CT>" [256 1152 64] with "g3sg1" (headshot)
L 10/30/2021 - 12:48:17: "i.am.noob123<82><STEAM_1:1:194419837><TERRORIST>" [106 -72 0] killed "Recoil Master   <111><BOT><CT>" [128 448 64] with "g3sg1" (headshot)
L 10/30/2021 - 12:48:23: "i.am.noob123<82><STEAM_1:1:194419837><TERRORIST>" [89 -84 0] killed "Aim Botz     <118><BOT><CT>" [-1152 -256 64] with "g3sg1" (headshot)
L 10/30/2021 - 12:48:25: "i.am.noob123<82><STEAM_1:1:194419837><TERRORIST>" [89 -84 0] killed "Recoil Master   <111><BOT><CT>" [-1152 -512 64] with "g3sg1" (headshot)
L 10/30/2021 - 12:48:26: "i.am.noob123<82><STEAM_1:1:194419837><TERRORIST>" [89 -84 0] killed "KEEP IT UP!<109><BOT><CT>" [-1152 -832 64] with "g3sg1" (headshot)
L 10/30/2021 - 12:48:42: "i.am.noob123<82><STEAM_1:1:194419837><TERRORIST>" [89 -84 0] killed "Aim Botz <119><BOT><CT>" [-128 -448 64] with "g3sg1" (headshot)
L 10/30/2021 - 12:48:44: "i.am.noob123<82><STEAM_1:1:194419837><TERRORIST>" [89 -84 0] killed "Aim Botz          <114><BOT><CT>" [-384 -576 64] with "g3sg1" (headshot)
L 10/30/2021 - 12:48:46: "i.am.noob123<82><STEAM_1:1:194419837><TERRORIST>" [89 -84 0] killed "You can't hit me!<120><BOT><CT>" [-256 -1152 64] with "g3sg1" (headshot)
L 10/30/2021 - 12:48:48: "i.am.noob123<82><STEAM_1:1:194419837><TERRORIST>" [89 -84 0] killed "Recoil Master  <117><BOT><CT>" [0 -1152 64] with "g3sg1" (headshot)
L 10/30/2021 - 12:48:59: "i.am.noob123<82><STEAM_1:1:194419837><TERRORIST>" [89 -84 0] killed "Recoil Master <115><BOT><CT>" [0 -768 64] with "g3sg1" (headshot)
L 10/30/2021 - 12:49:02: "i.am.noob123<82><STEAM_1:1:194419837><TERRORIST>" [89 -84 0] killed "You can't hit me!<120><BOT><CT>" [832 -1152 64] with "g3sg1" (headshot)
L 10/30/2021 - 12:49:08: "i.am.noob123<82><STEAM_1:1:194419837><TERRORIST>" [89 -84 0] killed "Recoil Master  <117><BOT><CT>" [576 384 64] with "g3sg1" (headshot)
L 10/30/2021 - 12:49:12: "i.am.noob123<82><STEAM_1:1:194419837><TERRORIST>" [89 -84 0] killed "Recoil Master<113><BOT><CT>" [768 0 64] with "g3sg1" (headshot)
L 10/30/2021 - 12:49:24: "i.am.noob123<82><STEAM_1:1:194419837><TERRORIST>" [89 -84 0] killed "H2O<110><BOT><CT>" [1152 832 64] with "g3sg1" (headshot)
L 10/30/2021 - 12:49:27: "i.am.noob123<82><STEAM_1:1:194419837><TERRORIST>" [89 -84 0] killed "Recoil Master   <111><BOT><CT>" [1152 0 64] with "g3sg1" (headshot)
L 10/30/2021 - 12:49:28: "i.am.noob123<82><STEAM_1:1:194419837><TERRORIST>" [89 -84 0] killed "Aim Botz              <116><BOT><CT>" [1152 -256 64] with "g3sg1" (headshot)
L 10/30/2021 - 12:49:44: "i.am.noob123<82><STEAM_1:1:194419837><TERRORIST>" [89 -84 0] killed "H2O<110><BOT><CT>" [1152 -832 64] with "g3sg1" (headshot)
L 10/30/2021 - 12:49:46: "i.am.noob123<82><STEAM_1:1:194419837><TERRORIST>" [89 -84 0] killed "Recoil Master   <111><BOT><CT>" [384 -576 64] with "g3sg1" (headshot)
L 10/30/2021 - 12:49:49: "i.am.noob123<82><STEAM_1:1:194419837><TERRORIST>" [89 -84 0] killed "You can't hit me!<120><BOT><CT>" [-512 -1152 64] with "g3sg1" (headshot)
L 10/30/2021 - 12:50:00: "i.am.noob123<82><STEAM_1:1:194419837><TERRORIST>" [89 -84 0] killed "Aim Botz             <112><BOT><CT>" [-128 448 64] with "g3sg1" (headshot)
L 10/30/2021 - 12:50:01: "i.am.noob123<82><STEAM_1:1:194419837><TERRORIST>" [89 -84 0] killed "Recoil Master   <111><BOT><CT>" [-256 1152 64] with "g3sg1" (headshot)
L 10/30/2021 - 12:50:14: "i.am.noob123<82><STEAM_1:1:194419837><TERRORIST>" [89 -84 0] killed "Aim Botz <119><BOT><CT>" [0 768 64] with "g3sg1" (headshot)
L 10/30/2021 - 12:50:18: "i.am.noob123<82><STEAM_1:1:194419837><TERRORIST>" [89 -84 0] killed "Aim Botz              <116><BOT><CT>" [-576 384 64] with "g3sg1" (headshot)
L 10/30/2021 - 12:50:19: "i.am.noob123<82><STEAM_1:1:194419837><TERRORIST>" [89 -84 0] killed "Aim Botz     <118><BOT><CT>" [-1152 832 64] with "g3sg1" (headshot)
L 10/30/2021 - 12:50:20: "i.am.noob123<82><STEAM_1:1:194419837><TERRORIST>" [89 -84 0] killed "Aim Botz          <114><BOT><CT>" [-448 128 64] with "g3sg1" (headshot)
L 10/30/2021 - 12:50:26: "i.am.noob123<82><STEAM_1:1:194419837><TERRORIST>" [89 -84 0] killed "Aim Botz <119><BOT><CT>" [-576 -384 64] with "g3sg1" (headshot)
L 10/30/2021 - 12:50:32: "i.am.noob123<82><STEAM_1:1:194419837><TERRORIST>" [89 -84 0] killed "Aim Botz             <112><BOT><CT>" [1152 -512 64] with "g3sg1" (headshot)
L 10/30/2021 - 12:50:37: "i.am.noob123<82><STEAM_1:1:194419837><TERRORIST>" [89 -84 0] killed "Recoil Master   <111><BOT><CT>" [576 -384 64] with "g3sg1" (headshot)
L 10/30/2021 - 12:50:41: "i.am.noob123<82><STEAM_1:1:194419837><TERRORIST>" [89 -84 0] killed "You can't hit me!<120><BOT><CT>" [448 128 64] with "g3sg1" (headshot)
L 10/30/2021 - 12:50:44: "i.am.noob123<82><STEAM_1:1:194419837><TERRORIST>" disconnected (reason "Disconnect")
L 10/30/2021 - 12:50:44: "i.am.noob123<82><STEAM_1:1:194419837><TERRORIST>" [89 -84 64] committed suicide with "world"
L 10/30/2021 - 12:50:44: "i.am.noob123<82><STEAM_1:1:194419837>" switched from team <TERRORIST> to <Unassigned>
L 10/30/2021 - 12:50:45: "You can't hit me!<120><BOT><>" disconnected (reason "Server shutting down")
L 10/30/2021 - 12:50:45: "Aim Botz <119><BOT><>" disconnected (reason "Server shutting down")
L 10/30/2021 - 12:50:45: "Aim Botz     <118><BOT><>" disconnected (reason "Server shutting down")
L 10/30/2021 - 12:50:45: "Recoil Master  <117><BOT><>" disconnected (reason "Server shutting down")
L 10/30/2021 - 12:50:45: "Aim Botz              <116><BOT><>" disconnected (reason "Server shutting down")
L 10/30/2021 - 12:50:45: "Recoil Master <115><BOT><>" disconnected (reason "Server shutting down")
L 10/30/2021 - 12:50:45: "Aim Botz          <114><BOT><>" disconnected (reason "Server shutting down")
L 10/30/2021 - 12:50:45: "Recoil Master<113><BOT><>" disconnected (reason "Server shutting down")
L 10/30/2021 - 12:50:45: "Aim Botz             <112><BOT><>" disconnected (reason "Server shutting down")
L 10/30/2021 - 12:50:45: "Recoil Master   <111><BOT><>" disconnected (reason "Server shutting down")
L 10/30/2021 - 12:50:45: "H2O<110><BOT><>" disconnected (reason "Server shutting down")
L 10/30/2021 - 12:50:45: "KEEP IT UP!<109><BOT><>" disconnected (reason "Server shutting down")
L 10/30/2021 - 12:50:45: server_message: "quit"
L 10/30/2021 - 12:50:45: Log file closed
