L 12/04/2021 - 14:21:53: Log file started (file "logs\L192_168_001_151_27015_202112041421_000.log") (game "C:\Program Files (x86)\Steam\steamapps\common\Counter-Strike Global Offensive\csgo") (version "8403")
L 12/04/2021 - 14:22:02: "i.am.noob123<4><STEAM_1:1:194419837><CT>" [-576 -69 64] killed "Bob<5><BOT><TERRORIST>" [369 289 64] with "awp" (headshot)
L 12/04/2021 - 14:22:02: Team "CT" triggered "SFUI_Notice_CTs_Win" (CT "1") (T "0")
L 12/04/2021 - 14:22:02: Team "CT" scored "1" with "1" players
L 12/04/2021 - 14:22:02: Team "TERRORIST" scored "0" with "1" players
L 12/04/2021 - 14:22:02: MatchStatus: Team "CT" is unset.
L 12/04/2021 - 14:22:02: MatchStatus: Team "TERRORIST" is unset.
L 12/04/2021 - 14:22:02: MatchStatus: Score: 1:0 on map "workshop/2645189598/covert_cv3" RoundsPlayed: 1
L 12/04/2021 - 14:22:02: World triggered "Round_End"
L 12/04/2021 - 14:22:02: Starting Freeze period
L 12/04/2021 - 14:22:02: MatchStatus: Team "CT" is unset.
L 12/04/2021 - 14:22:02: MatchStatus: Team "TERRORIST" is unset.
L 12/04/2021 - 14:22:02: MatchStatus: Score: 1:0 on map "workshop/2645189598/covert_cv3" RoundsPlayed: 1
L 12/04/2021 - 14:22:02: World triggered "Round_Start"
L 12/04/2021 - 14:22:04: "i.am.noob123<4><STEAM_1:1:194419837><CT>" [-576 -69 64] killed "Bob<5><BOT><TERRORIST>" [686 269 128] with "awp" (headshot)
L 12/04/2021 - 14:22:04: Team "CT" triggered "SFUI_Notice_CTs_Win" (CT "2") (T "0")
L 12/04/2021 - 14:22:04: Team "CT" scored "2" with "1" players
L 12/04/2021 - 14:22:04: Team "TERRORIST" scored "0" with "1" players
L 12/04/2021 - 14:22:04: MatchStatus: Team "CT" is unset.
L 12/04/2021 - 14:22:04: MatchStatus: Team "TERRORIST" is unset.
L 12/04/2021 - 14:22:04: MatchStatus: Score: 2:0 on map "workshop/2645189598/covert_cv3" RoundsPlayed: 2
L 12/04/2021 - 14:22:04: World triggered "Round_End"
L 12/04/2021 - 14:22:04: Starting Freeze period
L 12/04/2021 - 14:22:04: MatchStatus: Team "CT" is unset.
L 12/04/2021 - 14:22:04: MatchStatus: Team "TERRORIST" is unset.
L 12/04/2021 - 14:22:04: MatchStatus: Score: 2:0 on map "workshop/2645189598/covert_cv3" RoundsPlayed: 2
L 12/04/2021 - 14:22:04: World triggered "Round_Start"
L 12/04/2021 - 14:22:06: "i.am.noob123<4><STEAM_1:1:194419837><CT>" [-576 -69 64] killed "Bob<5><BOT><TERRORIST>" [631 228 128] with "awp" (headshot)
L 12/04/2021 - 14:22:06: Team "CT" triggered "SFUI_Notice_CTs_Win" (CT "3") (T "0")
L 12/04/2021 - 14:22:06: Team "CT" scored "3" with "1" players
L 12/04/2021 - 14:22:06: Team "TERRORIST" scored "0" with "1" players
L 12/04/2021 - 14:22:06: MatchStatus: Team "CT" is unset.
L 12/04/2021 - 14:22:06: MatchStatus: Team "TERRORIST" is unset.
L 12/04/2021 - 14:22:06: MatchStatus: Score: 3:0 on map "workshop/2645189598/covert_cv3" RoundsPlayed: 3
L 12/04/2021 - 14:22:06: World triggered "Round_End"
L 12/04/2021 - 14:22:07: Starting Freeze period
L 12/04/2021 - 14:22:07: MatchStatus: Team "CT" is unset.
L 12/04/2021 - 14:22:07: MatchStatus: Team "TERRORIST" is unset.
L 12/04/2021 - 14:22:07: MatchStatus: Score: 3:0 on map "workshop/2645189598/covert_cv3" RoundsPlayed: 3
L 12/04/2021 - 14:22:07: World triggered "Round_Start"
L 12/04/2021 - 14:22:09: "i.am.noob123<4><STEAM_1:1:194419837><CT>" [-576 -69 64] killed "Bob<5><BOT><TERRORIST>" [439 167 64] with "awp" (headshot)
L 12/04/2021 - 14:22:09: Team "CT" triggered "SFUI_Notice_CTs_Win" (CT "4") (T "0")
L 12/04/2021 - 14:22:09: Team "CT" scored "4" with "1" players
L 12/04/2021 - 14:22:09: Team "TERRORIST" scored "0" with "1" players
L 12/04/2021 - 14:22:09: MatchStatus: Team "CT" is unset.
L 12/04/2021 - 14:22:09: MatchStatus: Team "TERRORIST" is unset.
L 12/04/2021 - 14:22:09: MatchStatus: Score: 4:0 on map "workshop/2645189598/covert_cv3" RoundsPlayed: 4
L 12/04/2021 - 14:22:09: World triggered "Round_End"
L 12/04/2021 - 14:22:09: Starting Freeze period
L 12/04/2021 - 14:22:09: MatchStatus: Team "CT" is unset.
L 12/04/2021 - 14:22:09: MatchStatus: Team "TERRORIST" is unset.
L 12/04/2021 - 14:22:09: MatchStatus: Score: 4:0 on map "workshop/2645189598/covert_cv3" RoundsPlayed: 4
L 12/04/2021 - 14:22:09: World triggered "Round_Start"
L 12/04/2021 - 14:22:12: "i.am.noob123<4><STEAM_1:1:194419837><CT>" [-576 -69 64] killed "Bob<5><BOT><TERRORIST>" [320 64 64] with "awp" (headshot)
L 12/04/2021 - 14:22:12: Team "CT" triggered "SFUI_Notice_CTs_Win" (CT "5") (T "0")
L 12/04/2021 - 14:22:12: Team "CT" scored "5" with "1" players
L 12/04/2021 - 14:22:12: Team "TERRORIST" scored "0" with "1" players
L 12/04/2021 - 14:22:12: MatchStatus: Team "CT" is unset.
L 12/04/2021 - 14:22:12: MatchStatus: Team "TERRORIST" is unset.
L 12/04/2021 - 14:22:12: MatchStatus: Score: 5:0 on map "workshop/2645189598/covert_cv3" RoundsPlayed: 5
L 12/04/2021 - 14:22:12: World triggered "Round_End"
L 12/04/2021 - 14:22:12: Starting Freeze period
L 12/04/2021 - 14:22:12: MatchStatus: Team "CT" is unset.
L 12/04/2021 - 14:22:12: MatchStatus: Team "TERRORIST" is unset.
L 12/04/2021 - 14:22:12: MatchStatus: Score: 5:0 on map "workshop/2645189598/covert_cv3" RoundsPlayed: 5
L 12/04/2021 - 14:22:12: World triggered "Round_Start"
L 12/04/2021 - 14:22:14: "i.am.noob123<4><STEAM_1:1:194419837><CT>" [-576 -69 64] killed "Bob<5><BOT><TERRORIST>" [448 -64 64] with "awp" (headshot)
L 12/04/2021 - 14:22:14: Team "CT" triggered "SFUI_Notice_CTs_Win" (CT "6") (T "0")
L 12/04/2021 - 14:22:14: Team "CT" scored "6" with "1" players
L 12/04/2021 - 14:22:14: Team "TERRORIST" scored "0" with "1" players
L 12/04/2021 - 14:22:14: MatchStatus: Team "CT" is unset.
L 12/04/2021 - 14:22:14: MatchStatus: Team "TERRORIST" is unset.
L 12/04/2021 - 14:22:14: MatchStatus: Score: 6:0 on map "workshop/2645189598/covert_cv3" RoundsPlayed: 6
L 12/04/2021 - 14:22:14: World triggered "Round_End"
L 12/04/2021 - 14:22:14: Starting Freeze period
L 12/04/2021 - 14:22:14: MatchStatus: Team "CT" is unset.
L 12/04/2021 - 14:22:14: MatchStatus: Team "TERRORIST" is unset.
L 12/04/2021 - 14:22:14: MatchStatus: Score: 6:0 on map "workshop/2645189598/covert_cv3" RoundsPlayed: 6
L 12/04/2021 - 14:22:14: World triggered "Round_Start"
L 12/04/2021 - 14:22:17: "i.am.noob123<4><STEAM_1:1:194419837><CT>" [-576 -69 64] killed "Bob<5><BOT><TERRORIST>" [640 -128 128] with "awp" (headshot)
L 12/04/2021 - 14:22:17: Team "CT" triggered "SFUI_Notice_CTs_Win" (CT "7") (T "0")
L 12/04/2021 - 14:22:17: Team "CT" scored "7" with "1" players
L 12/04/2021 - 14:22:17: Team "TERRORIST" scored "0" with "1" players
L 12/04/2021 - 14:22:17: MatchStatus: Team "CT" is unset.
L 12/04/2021 - 14:22:17: MatchStatus: Team "TERRORIST" is unset.
L 12/04/2021 - 14:22:17: MatchStatus: Score: 7:0 on map "workshop/2645189598/covert_cv3" RoundsPlayed: 7
L 12/04/2021 - 14:22:17: World triggered "Round_End"
L 12/04/2021 - 14:22:17: Starting Freeze period
L 12/04/2021 - 14:22:17: MatchStatus: Team "CT" is unset.
L 12/04/2021 - 14:22:17: MatchStatus: Team "TERRORIST" is unset.
L 12/04/2021 - 14:22:17: MatchStatus: Score: 7:0 on map "workshop/2645189598/covert_cv3" RoundsPlayed: 7
L 12/04/2021 - 14:22:17: World triggered "Round_Start"
L 12/04/2021 - 14:22:19: "i.am.noob123<4><STEAM_1:1:194419837><CT>" [-576 -69 64] killed "Bob<5><BOT><TERRORIST>" [687 -320 192] with "awp" (headshot)
L 12/04/2021 - 14:22:19: Team "CT" triggered "SFUI_Notice_CTs_Win" (CT "8") (T "0")
L 12/04/2021 - 14:22:19: Team "CT" scored "8" with "1" players
L 12/04/2021 - 14:22:19: Team "TERRORIST" scored "0" with "1" players
L 12/04/2021 - 14:22:19: MatchStatus: Team "CT" is unset.
L 12/04/2021 - 14:22:19: MatchStatus: Team "TERRORIST" is unset.
L 12/04/2021 - 14:22:19: MatchStatus: Score: 8:0 on map "workshop/2645189598/covert_cv3" RoundsPlayed: 8
L 12/04/2021 - 14:22:19: World triggered "Round_End"
L 12/04/2021 - 14:22:19: ACCOLADE, FINAL: {mvps},	i.am.noob123<1>,	VALUE: 8.000000,	POS: 1,	SCORE: 80.000000
L 12/04/2021 - 14:22:19: ACCOLADE, FINAL: {deaths},	Bob<2>,	VALUE: 8.000000,	POS: 1,	SCORE: 40.000000
L 12/04/2021 - 14:22:19: MatchStatus: Team "CT" is unset.
L 12/04/2021 - 14:22:19: MatchStatus: Team "TERRORIST" is unset.
L 12/04/2021 - 14:22:19: MatchStatus: Score: 8:0 on map "workshop/2645189598/covert_cv3" RoundsPlayed: 8
L 12/04/2021 - 14:22:19: Game Over: casual @workshop/2645189598/covert_cv3 workshop/2645189598/covert_cv3 score 8:0 after 1 min
L 12/04/2021 - 14:22:19: World triggered "Round_Start"
L 12/04/2021 - 14:23:12: "i.am.noob123<4><STEAM_1:1:194419837><CT>" disconnected (reason "Disconnect")
L 12/04/2021 - 14:23:12: "Bob<5><BOT><>" disconnected (reason "Server shutting down")
L 12/04/2021 - 14:23:12: server_message: "quit"
L 12/04/2021 - 14:23:12: Log file closed
