L 11/09/2021 - 13:49:28: Log file started (file "logs\L192_168_001_151_27015_202111091349_000.log") (game "C:\Program Files (x86)\Steam\steamapps\common\Counter-Strike Global Offensive\csgo") (version "8378")
L 11/09/2021 - 13:49:33: "i.am.noob123<26><STEAM_1:1:194419837><CT>" [-576 -69 64] killed "Yanni<27><BOT><TERRORIST>" [369 289 64] with "awp" (headshot)
L 11/09/2021 - 13:49:33: Team "CT" triggered "SFUI_Notice_CTs_Win" (CT "1") (T "0")
L 11/09/2021 - 13:49:33: Team "CT" scored "1" with "1" players
L 11/09/2021 - 13:49:33: Team "TERRORIST" scored "0" with "1" players
L 11/09/2021 - 13:49:33: MatchStatus: Team "CT" is unset.
L 11/09/2021 - 13:49:33: MatchStatus: Team "TERRORIST" is unset.
L 11/09/2021 - 13:49:33: MatchStatus: Score: 1:0 on map "workshop/2645189598/covert_cv3" RoundsPlayed: 1
L 11/09/2021 - 13:49:33: World triggered "Round_End"
L 11/09/2021 - 13:49:33: Starting Freeze period
L 11/09/2021 - 13:49:33: MatchStatus: Team "CT" is unset.
L 11/09/2021 - 13:49:33: MatchStatus: Team "TERRORIST" is unset.
L 11/09/2021 - 13:49:33: MatchStatus: Score: 1:0 on map "workshop/2645189598/covert_cv3" RoundsPlayed: 1
L 11/09/2021 - 13:49:33: World triggered "Round_Start"
L 11/09/2021 - 13:49:36: "i.am.noob123<26><STEAM_1:1:194419837><CT>" [-576 -69 64] killed "Yanni<27><BOT><TERRORIST>" [686 269 128] with "awp"
L 11/09/2021 - 13:49:36: Team "CT" triggered "SFUI_Notice_CTs_Win" (CT "2") (T "0")
L 11/09/2021 - 13:49:36: Team "CT" scored "2" with "1" players
L 11/09/2021 - 13:49:36: Team "TERRORIST" scored "0" with "1" players
L 11/09/2021 - 13:49:36: MatchStatus: Team "CT" is unset.
L 11/09/2021 - 13:49:36: MatchStatus: Team "TERRORIST" is unset.
L 11/09/2021 - 13:49:36: MatchStatus: Score: 2:0 on map "workshop/2645189598/covert_cv3" RoundsPlayed: 2
L 11/09/2021 - 13:49:36: World triggered "Round_End"
L 11/09/2021 - 13:49:36: Starting Freeze period
L 11/09/2021 - 13:49:36: MatchStatus: Team "CT" is unset.
L 11/09/2021 - 13:49:36: MatchStatus: Team "TERRORIST" is unset.
L 11/09/2021 - 13:49:36: MatchStatus: Score: 2:0 on map "workshop/2645189598/covert_cv3" RoundsPlayed: 2
L 11/09/2021 - 13:49:36: World triggered "Round_Start"
L 11/09/2021 - 13:49:38: "i.am.noob123<26><STEAM_1:1:194419837><CT>" [-576 -69 64] killed "Yanni<27><BOT><TERRORIST>" [631 228 128] with "awp" (headshot)
L 11/09/2021 - 13:49:38: Team "CT" triggered "SFUI_Notice_CTs_Win" (CT "3") (T "0")
L 11/09/2021 - 13:49:38: Team "CT" scored "3" with "1" players
L 11/09/2021 - 13:49:38: Team "TERRORIST" scored "0" with "1" players
L 11/09/2021 - 13:49:38: MatchStatus: Team "CT" is unset.
L 11/09/2021 - 13:49:38: MatchStatus: Team "TERRORIST" is unset.
L 11/09/2021 - 13:49:38: MatchStatus: Score: 3:0 on map "workshop/2645189598/covert_cv3" RoundsPlayed: 3
L 11/09/2021 - 13:49:38: World triggered "Round_End"
L 11/09/2021 - 13:49:38: Starting Freeze period
L 11/09/2021 - 13:49:38: MatchStatus: Team "CT" is unset.
L 11/09/2021 - 13:49:38: MatchStatus: Team "TERRORIST" is unset.
L 11/09/2021 - 13:49:38: MatchStatus: Score: 3:0 on map "workshop/2645189598/covert_cv3" RoundsPlayed: 3
L 11/09/2021 - 13:49:38: World triggered "Round_Start"
L 11/09/2021 - 13:49:41: "i.am.noob123<26><STEAM_1:1:194419837><CT>" [-576 -69 64] killed "Yanni<27><BOT><TERRORIST>" [439 167 64] with "awp" (headshot)
L 11/09/2021 - 13:49:41: Team "CT" triggered "SFUI_Notice_CTs_Win" (CT "4") (T "0")
L 11/09/2021 - 13:49:41: Team "CT" scored "4" with "1" players
L 11/09/2021 - 13:49:41: Team "TERRORIST" scored "0" with "1" players
L 11/09/2021 - 13:49:41: MatchStatus: Team "CT" is unset.
L 11/09/2021 - 13:49:41: MatchStatus: Team "TERRORIST" is unset.
L 11/09/2021 - 13:49:41: MatchStatus: Score: 4:0 on map "workshop/2645189598/covert_cv3" RoundsPlayed: 4
L 11/09/2021 - 13:49:41: World triggered "Round_End"
L 11/09/2021 - 13:49:41: Starting Freeze period
L 11/09/2021 - 13:49:41: MatchStatus: Team "CT" is unset.
L 11/09/2021 - 13:49:41: MatchStatus: Team "TERRORIST" is unset.
L 11/09/2021 - 13:49:41: MatchStatus: Score: 4:0 on map "workshop/2645189598/covert_cv3" RoundsPlayed: 4
L 11/09/2021 - 13:49:41: World triggered "Round_Start"
L 11/09/2021 - 13:49:43: "i.am.noob123<26><STEAM_1:1:194419837><CT>" [-576 -69 64] killed "Yanni<27><BOT><TERRORIST>" [320 64 64] with "awp" (headshot)
L 11/09/2021 - 13:49:43: Team "CT" triggered "SFUI_Notice_CTs_Win" (CT "5") (T "0")
L 11/09/2021 - 13:49:43: Team "CT" scored "5" with "1" players
L 11/09/2021 - 13:49:43: Team "TERRORIST" scored "0" with "1" players
L 11/09/2021 - 13:49:43: MatchStatus: Team "CT" is unset.
L 11/09/2021 - 13:49:43: MatchStatus: Team "TERRORIST" is unset.
L 11/09/2021 - 13:49:43: MatchStatus: Score: 5:0 on map "workshop/2645189598/covert_cv3" RoundsPlayed: 5
L 11/09/2021 - 13:49:43: World triggered "Round_End"
L 11/09/2021 - 13:49:43: Starting Freeze period
L 11/09/2021 - 13:49:43: MatchStatus: Team "CT" is unset.
L 11/09/2021 - 13:49:43: MatchStatus: Team "TERRORIST" is unset.
L 11/09/2021 - 13:49:43: MatchStatus: Score: 5:0 on map "workshop/2645189598/covert_cv3" RoundsPlayed: 5
L 11/09/2021 - 13:49:43: World triggered "Round_Start"
L 11/09/2021 - 13:49:45: "i.am.noob123<26><STEAM_1:1:194419837><CT>" [-576 -69 64] killed "Yanni<27><BOT><TERRORIST>" [448 -64 64] with "awp" (headshot)
L 11/09/2021 - 13:49:45: Team "CT" triggered "SFUI_Notice_CTs_Win" (CT "6") (T "0")
L 11/09/2021 - 13:49:45: Team "CT" scored "6" with "1" players
L 11/09/2021 - 13:49:45: Team "TERRORIST" scored "0" with "1" players
L 11/09/2021 - 13:49:45: MatchStatus: Team "CT" is unset.
L 11/09/2021 - 13:49:45: MatchStatus: Team "TERRORIST" is unset.
L 11/09/2021 - 13:49:45: MatchStatus: Score: 6:0 on map "workshop/2645189598/covert_cv3" RoundsPlayed: 6
L 11/09/2021 - 13:49:45: World triggered "Round_End"
L 11/09/2021 - 13:49:45: Starting Freeze period
L 11/09/2021 - 13:49:45: MatchStatus: Team "CT" is unset.
L 11/09/2021 - 13:49:45: MatchStatus: Team "TERRORIST" is unset.
L 11/09/2021 - 13:49:45: MatchStatus: Score: 6:0 on map "workshop/2645189598/covert_cv3" RoundsPlayed: 6
L 11/09/2021 - 13:49:45: World triggered "Round_Start"
L 11/09/2021 - 13:49:48: "i.am.noob123<26><STEAM_1:1:194419837><CT>" [-576 -69 64] killed "Yanni<27><BOT><TERRORIST>" [640 -128 128] with "awp"
L 11/09/2021 - 13:49:48: Team "CT" triggered "SFUI_Notice_CTs_Win" (CT "7") (T "0")
L 11/09/2021 - 13:49:48: Team "CT" scored "7" with "1" players
L 11/09/2021 - 13:49:48: Team "TERRORIST" scored "0" with "1" players
L 11/09/2021 - 13:49:48: MatchStatus: Team "CT" is unset.
L 11/09/2021 - 13:49:48: MatchStatus: Team "TERRORIST" is unset.
L 11/09/2021 - 13:49:48: MatchStatus: Score: 7:0 on map "workshop/2645189598/covert_cv3" RoundsPlayed: 7
L 11/09/2021 - 13:49:48: World triggered "Round_End"
L 11/09/2021 - 13:49:48: Starting Freeze period
L 11/09/2021 - 13:49:48: MatchStatus: Team "CT" is unset.
L 11/09/2021 - 13:49:48: MatchStatus: Team "TERRORIST" is unset.
L 11/09/2021 - 13:49:48: MatchStatus: Score: 7:0 on map "workshop/2645189598/covert_cv3" RoundsPlayed: 7
L 11/09/2021 - 13:49:48: World triggered "Round_Start"
L 11/09/2021 - 13:49:50: "i.am.noob123<26><STEAM_1:1:194419837><CT>" [-576 -69 64] killed "Yanni<27><BOT><TERRORIST>" [687 -320 192] with "awp" (headshot)
L 11/09/2021 - 13:49:50: Team "CT" triggered "SFUI_Notice_CTs_Win" (CT "8") (T "0")
L 11/09/2021 - 13:49:50: Team "CT" scored "8" with "1" players
L 11/09/2021 - 13:49:50: Team "TERRORIST" scored "0" with "1" players
L 11/09/2021 - 13:49:50: MatchStatus: Team "CT" is unset.
L 11/09/2021 - 13:49:50: MatchStatus: Team "TERRORIST" is unset.
L 11/09/2021 - 13:49:50: MatchStatus: Score: 8:0 on map "workshop/2645189598/covert_cv3" RoundsPlayed: 8
L 11/09/2021 - 13:49:50: World triggered "Round_End"
L 11/09/2021 - 13:49:50: ACCOLADE, FINAL: {mvps},	i.am.noob123<1>,	VALUE: 8.000000,	POS: 1,	SCORE: 80.000000
L 11/09/2021 - 13:49:50: ACCOLADE, FINAL: {deaths},	Yanni<2>,	VALUE: 8.000000,	POS: 1,	SCORE: 40.000000
L 11/09/2021 - 13:49:50: MatchStatus: Team "CT" is unset.
L 11/09/2021 - 13:49:50: MatchStatus: Team "TERRORIST" is unset.
L 11/09/2021 - 13:49:50: MatchStatus: Score: 8:0 on map "workshop/2645189598/covert_cv3" RoundsPlayed: 8
L 11/09/2021 - 13:49:50: Game Over: casual @workshop/2645189598/covert_cv3 workshop/2645189598/covert_cv3 score 8:0 after 1 min
L 11/09/2021 - 13:49:50: World triggered "Round_Start"
L 11/09/2021 - 13:51:28: "i.am.noob123<26><STEAM_1:1:194419837><CT>" disconnected (reason "Disconnect")
L 11/09/2021 - 13:51:28: "Yanni<27><BOT><>" disconnected (reason "Server shutting down")
L 11/09/2021 - 13:51:29: server_message: "quit"
L 11/09/2021 - 13:51:29: Log file closed
